{"C:\\Users\\Alison\\Documents\\CareerFoundry\\Immersion\\Achievement4\\meet\\meet\\src\\App.js": {"path":"C:\\Users\\Alison\\Documents\\CareerFoundry\\Immersion\\Achievement4\\meet\\meet\\src\\App.js","statementMap":{"0":{"start":{"line":9,"column":4},"end":{"line":15,"column":6}}},"fnMap":{"0":{"name":"(anonymous_0)","decl":{"start":{"line":8,"column":2},"end":{"line":8,"column":3}},"loc":{"start":{"line":8,"column":11},"end":{"line":16,"column":3}},"line":8}},"branchMap":{},"s":{"0":1},"f":{"0":1},"b":{},"_coverageSchema":"1a1c01bbd47fc00a2c39e90264f33305004495a9","hash":"f41fe238d38d18e9f5f4c0d0b42f7ec1bfd4cefd"}
,"C:\\Users\\Alison\\Documents\\CareerFoundry\\Immersion\\Achievement4\\meet\\meet\\src\\CitySearch.js": {"path":"C:\\Users\\Alison\\Documents\\CareerFoundry\\Immersion\\Achievement4\\meet\\meet\\src\\CitySearch.js","statementMap":{"0":{"start":{"line":4,"column":10},"end":{"line":7,"column":3}},"1":{"start":{"line":8,"column":23},"end":{"line":17,"column":3}},"2":{"start":{"line":9,"column":18},"end":{"line":9,"column":36}},"3":{"start":{"line":10,"column":24},"end":{"line":12,"column":6}},"4":{"start":{"line":11,"column":6},"end":{"line":11,"column":70}},"5":{"start":{"line":13,"column":4},"end":{"line":16,"column":7}},"6":{"start":{"line":19,"column":22},"end":{"line":23,"column":3}},"7":{"start":{"line":20,"column":4},"end":{"line":22,"column":7}},"8":{"start":{"line":26,"column":4},"end":{"line":45,"column":6}},"9":{"start":{"line":36,"column":12},"end":{"line":38,"column":30}},"10":{"start":{"line":37,"column":29},"end":{"line":37,"column":63}}},"fnMap":{"0":{"name":"(anonymous_0)","decl":{"start":{"line":8,"column":23},"end":{"line":8,"column":24}},"loc":{"start":{"line":8,"column":34},"end":{"line":17,"column":3}},"line":8},"1":{"name":"(anonymous_1)","decl":{"start":{"line":10,"column":52},"end":{"line":10,"column":53}},"loc":{"start":{"line":10,"column":66},"end":{"line":12,"column":5}},"line":10},"2":{"name":"(anonymous_2)","decl":{"start":{"line":19,"column":22},"end":{"line":19,"column":23}},"loc":{"start":{"line":19,"column":38},"end":{"line":23,"column":3}},"line":19},"3":{"name":"(anonymous_3)","decl":{"start":{"line":25,"column":2},"end":{"line":25,"column":3}},"loc":{"start":{"line":25,"column":11},"end":{"line":46,"column":3}},"line":25},"4":{"name":"(anonymous_4)","decl":{"start":{"line":35,"column":38},"end":{"line":35,"column":39}},"loc":{"start":{"line":36,"column":12},"end":{"line":38,"column":30}},"line":36},"5":{"name":"(anonymous_5)","decl":{"start":{"line":37,"column":23},"end":{"line":37,"column":24}},"loc":{"start":{"line":37,"column":29},"end":{"line":37,"column":63}},"line":37}},"branchMap":{},"s":{"0":1,"1":1,"2":2,"3":2,"4":4,"5":2,"6":1,"7":1,"8":8,"9":6,"10":1},"f":{"0":2,"1":4,"2":1,"3":8,"4":6,"5":1},"b":{},"_coverageSchema":"1a1c01bbd47fc00a2c39e90264f33305004495a9","hash":"9388c9fbd69935219bc9d0d8abf2ee9f52c8eb8c"}
,"C:\\Users\\Alison\\Documents\\CareerFoundry\\Immersion\\Achievement4\\meet\\meet\\src\\Event.js": {"path":"C:\\Users\\Alison\\Documents\\CareerFoundry\\Immersion\\Achievement4\\meet\\meet\\src\\Event.js","statementMap":{"0":{"start":{"line":5,"column":10},"end":{"line":5,"column":29}},"1":{"start":{"line":6,"column":18},"end":{"line":10,"column":3}},"2":{"start":{"line":7,"column":4},"end":{"line":9,"column":8}},"3":{"start":{"line":7,"column":34},"end":{"line":9,"column":5}},"4":{"start":{"line":14,"column":22},"end":{"line":14,"column":32}},"5":{"start":{"line":15,"column":26},"end":{"line":15,"column":36}},"6":{"start":{"line":17,"column":4},"end":{"line":47,"column":6}},"7":{"start":{"line":43,"column":58},"end":{"line":43,"column":78}}},"fnMap":{"0":{"name":"(anonymous_0)","decl":{"start":{"line":6,"column":18},"end":{"line":6,"column":19}},"loc":{"start":{"line":6,"column":24},"end":{"line":10,"column":3}},"line":6},"1":{"name":"(anonymous_1)","decl":{"start":{"line":7,"column":18},"end":{"line":7,"column":19}},"loc":{"start":{"line":7,"column":34},"end":{"line":9,"column":5}},"line":7},"2":{"name":"(anonymous_2)","decl":{"start":{"line":12,"column":2},"end":{"line":12,"column":3}},"loc":{"start":{"line":12,"column":11},"end":{"line":48,"column":3}},"line":12},"3":{"name":"(anonymous_3)","decl":{"start":{"line":43,"column":52},"end":{"line":43,"column":53}},"loc":{"start":{"line":43,"column":58},"end":{"line":43,"column":78}},"line":43}},"branchMap":{"0":{"loc":{"start":{"line":29,"column":9},"end":{"line":41,"column":9}},"type":"binary-expr","locations":[{"start":{"line":29,"column":9},"end":{"line":29,"column":19}},{"start":{"line":30,"column":10},"end":{"line":40,"column":16}}],"line":29},"1":{"loc":{"start":{"line":44,"column":11},"end":{"line":44,"column":38}},"type":"cond-expr","locations":[{"start":{"line":44,"column":23},"end":{"line":44,"column":29}},{"start":{"line":44,"column":32},"end":{"line":44,"column":38}}],"line":44}},"s":{"0":1,"1":1,"2":2,"3":2,"4":4,"5":4,"6":4,"7":2},"f":{"0":2,"1":2,"2":4,"3":2},"b":{"0":[4,2],"1":[2,2]},"_coverageSchema":"1a1c01bbd47fc00a2c39e90264f33305004495a9","hash":"570d74f1ae63a5cad220eb190cd4157a623b066e"}
,"C:\\Users\\Alison\\Documents\\CareerFoundry\\Immersion\\Achievement4\\meet\\meet\\src\\EventList.js": {"path":"C:\\Users\\Alison\\Documents\\CareerFoundry\\Immersion\\Achievement4\\meet\\meet\\src\\EventList.js","statementMap":{"0":{"start":{"line":6,"column":23},"end":{"line":6,"column":33}},"1":{"start":{"line":7,"column":4},"end":{"line":15,"column":6}},"2":{"start":{"line":10,"column":10},"end":{"line":12,"column":15}}},"fnMap":{"0":{"name":"(anonymous_0)","decl":{"start":{"line":5,"column":2},"end":{"line":5,"column":3}},"loc":{"start":{"line":5,"column":11},"end":{"line":16,"column":3}},"line":5},"1":{"name":"(anonymous_1)","decl":{"start":{"line":9,"column":20},"end":{"line":9,"column":21}},"loc":{"start":{"line":10,"column":10},"end":{"line":12,"column":15}},"line":10}},"branchMap":{},"s":{"0":1,"1":1,"2":2},"f":{"0":1,"1":2},"b":{},"_coverageSchema":"1a1c01bbd47fc00a2c39e90264f33305004495a9","hash":"560d57f7e2f630575993edd6d46782ca01cfb0f6"}
,"C:\\Users\\Alison\\Documents\\CareerFoundry\\Immersion\\Achievement4\\meet\\meet\\src\\NumberOfEvents.js": {"path":"C:\\Users\\Alison\\Documents\\CareerFoundry\\Immersion\\Achievement4\\meet\\meet\\src\\NumberOfEvents.js","statementMap":{"0":{"start":{"line":4,"column":10},"end":{"line":4,"column":21}},"1":{"start":{"line":7,"column":4},"end":{"line":7,"column":49}},"2":{"start":{"line":10,"column":14},"end":{"line":12,"column":3}},"3":{"start":{"line":11,"column":4},"end":{"line":11,"column":34}},"4":{"start":{"line":15,"column":20},"end":{"line":15,"column":30}},"5":{"start":{"line":16,"column":4},"end":{"line":31,"column":5}},"6":{"start":{"line":25,"column":14},"end":{"line":25,"column":49}}},"fnMap":{"0":{"name":"(anonymous_0)","decl":{"start":{"line":6,"column":2},"end":{"line":6,"column":3}},"loc":{"start":{"line":6,"column":22},"end":{"line":8,"column":3}},"line":6},"1":{"name":"(anonymous_1)","decl":{"start":{"line":10,"column":14},"end":{"line":10,"column":15}},"loc":{"start":{"line":10,"column":25},"end":{"line":12,"column":3}},"line":10},"2":{"name":"(anonymous_2)","decl":{"start":{"line":14,"column":2},"end":{"line":14,"column":3}},"loc":{"start":{"line":14,"column":11},"end":{"line":32,"column":3}},"line":14},"3":{"name":"(anonymous_3)","decl":{"start":{"line":24,"column":22},"end":{"line":24,"column":23}},"loc":{"start":{"line":24,"column":33},"end":{"line":26,"column":13}},"line":24}},"branchMap":{"0":{"loc":{"start":{"line":7,"column":25},"end":{"line":7,"column":45}},"type":"binary-expr","locations":[{"start":{"line":7,"column":25},"end":{"line":7,"column":39}},{"start":{"line":7,"column":43},"end":{"line":7,"column":45}}],"line":7}},"s":{"0":2,"1":2,"2":2,"3":1,"4":5,"5":5,"6":1},"f":{"0":2,"1":1,"2":5,"3":1},"b":{"0":[2,1]},"_coverageSchema":"1a1c01bbd47fc00a2c39e90264f33305004495a9","hash":"78cb65926ad8e1b0a4919e1adfa96456b729db3e"}
,"C:\\Users\\Alison\\Documents\\CareerFoundry\\Immersion\\Achievement4\\meet\\meet\\src\\api.js": {"path":"C:\\Users\\Alison\\Documents\\CareerFoundry\\Immersion\\Achievement4\\meet\\meet\\src\\api.js","statementMap":{"0":{"start":{"line":8,"column":32},"end":{"line":12,"column":1}},"1":{"start":{"line":9,"column":27},"end":{"line":9,"column":64}},"2":{"start":{"line":9,"column":49},"end":{"line":9,"column":63}},"3":{"start":{"line":10,"column":20},"end":{"line":10,"column":50}},"4":{"start":{"line":11,"column":4},"end":{"line":11,"column":21}}},"fnMap":{"0":{"name":"(anonymous_0)","decl":{"start":{"line":8,"column":32},"end":{"line":8,"column":33}},"loc":{"start":{"line":8,"column":44},"end":{"line":12,"column":1}},"line":8},"1":{"name":"(anonymous_1)","decl":{"start":{"line":9,"column":38},"end":{"line":9,"column":39}},"loc":{"start":{"line":9,"column":49},"end":{"line":9,"column":63}},"line":9}},"branchMap":{},"s":{"0":1,"1":1,"2":2,"3":1,"4":1},"f":{"0":1,"1":2},"b":{},"_coverageSchema":"1a1c01bbd47fc00a2c39e90264f33305004495a9","hash":"dfa0960b3227c632b36bc47a8474da4699959d99"}
,"C:\\Users\\Alison\\Documents\\CareerFoundry\\Immersion\\Achievement4\\meet\\meet\\src\\index.js": {"path":"C:\\Users\\Alison\\Documents\\CareerFoundry\\Immersion\\Achievement4\\meet\\meet\\src\\index.js","statementMap":{"0":{"start":{"line":8,"column":13},"end":{"line":8,"column":65}},"1":{"start":{"line":9,"column":0},"end":{"line":13,"column":2}},"2":{"start":{"line":18,"column":0},"end":{"line":18,"column":39}},"3":{"start":{"line":23,"column":0},"end":{"line":23,"column":18}}},"fnMap":{},"branchMap":{},"s":{"0":0,"1":0,"2":0,"3":0},"f":{},"b":{}}
,"C:\\Users\\Alison\\Documents\\CareerFoundry\\Immersion\\Achievement4\\meet\\meet\\src\\mock-data.js": {"path":"C:\\Users\\Alison\\Documents\\CareerFoundry\\Immersion\\Achievement4\\meet\\meet\\src\\mock-data.js","statementMap":{"0":{"start":{"line":1,"column":17},"end":{"line":80,"column":1}}},"fnMap":{},"branchMap":{},"s":{"0":3},"f":{},"b":{},"_coverageSchema":"1a1c01bbd47fc00a2c39e90264f33305004495a9","hash":"404de8cfc9bc9b6d6406a249836ef1d76334dc36"}
,"C:\\Users\\Alison\\Documents\\CareerFoundry\\Immersion\\Achievement4\\meet\\meet\\src\\reportWebVitals.js": {"path":"C:\\Users\\Alison\\Documents\\CareerFoundry\\Immersion\\Achievement4\\meet\\meet\\src\\reportWebVitals.js","statementMap":{"0":{"start":{"line":1,"column":24},"end":{"line":11,"column":1}},"1":{"start":{"line":2,"column":2},"end":{"line":10,"column":3}},"2":{"start":{"line":3,"column":4},"end":{"line":9,"column":7}},"3":{"start":{"line":4,"column":6},"end":{"line":4,"column":26}},"4":{"start":{"line":5,"column":6},"end":{"line":5,"column":26}},"5":{"start":{"line":6,"column":6},"end":{"line":6,"column":26}},"6":{"start":{"line":7,"column":6},"end":{"line":7,"column":26}},"7":{"start":{"line":8,"column":6},"end":{"line":8,"column":27}}},"fnMap":{"0":{"name":"(anonymous_0)","decl":{"start":{"line":1,"column":24},"end":{"line":1,"column":25}},"loc":{"start":{"line":1,"column":41},"end":{"line":11,"column":1}},"line":1},"1":{"name":"(anonymous_1)","decl":{"start":{"line":3,"column":30},"end":{"line":3,"column":31}},"loc":{"start":{"line":3,"column":79},"end":{"line":9,"column":5}},"line":3}},"branchMap":{"0":{"loc":{"start":{"line":2,"column":2},"end":{"line":10,"column":3}},"type":"if","locations":[{"start":{"line":2,"column":2},"end":{"line":10,"column":3}},{"start":{},"end":{}}],"line":2},"1":{"loc":{"start":{"line":2,"column":6},"end":{"line":2,"column":52}},"type":"binary-expr","locations":[{"start":{"line":2,"column":6},"end":{"line":2,"column":17}},{"start":{"line":2,"column":21},"end":{"line":2,"column":52}}],"line":2}},"s":{"0":0,"1":0,"2":0,"3":0,"4":0,"5":0,"6":0,"7":0},"f":{"0":0,"1":0},"b":{"0":[0,0],"1":[0,0]}}
,"C:\\Users\\Alison\\Documents\\CareerFoundry\\Immersion\\Achievement4\\meet\\meet\\src\\service-worker.js": {"path":"C:\\Users\\Alison\\Documents\\CareerFoundry\\Immersion\\Achievement4\\meet\\meet\\src\\service-worker.js","statementMap":{"0":{"start":{"line":16,"column":0},"end":{"line":16,"column":15}},"1":{"start":{"line":22,"column":0},"end":{"line":22,"column":37}},"2":{"start":{"line":27,"column":28},"end":{"line":27,"column":58}},"3":{"start":{"line":28,"column":0},"end":{"line":47,"column":2}},"4":{"start":{"line":32,"column":4},"end":{"line":34,"column":5}},"5":{"start":{"line":33,"column":6},"end":{"line":33,"column":19}},"6":{"start":{"line":36,"column":4},"end":{"line":38,"column":5}},"7":{"start":{"line":37,"column":6},"end":{"line":37,"column":19}},"8":{"start":{"line":40,"column":4},"end":{"line":42,"column":5}},"9":{"start":{"line":41,"column":6},"end":{"line":41,"column":19}},"10":{"start":{"line":44,"column":4},"end":{"line":44,"column":16}},"11":{"start":{"line":51,"column":0},"end":{"line":62,"column":2}},"12":{"start":{"line":53,"column":15},"end":{"line":53,"column":83}},"13":{"start":{"line":66,"column":0},"end":{"line":70,"column":3}},"14":{"start":{"line":67,"column":2},"end":{"line":69,"column":3}},"15":{"start":{"line":68,"column":4},"end":{"line":68,"column":23}}},"fnMap":{"0":{"name":"(anonymous_0)","decl":{"start":{"line":30,"column":2},"end":{"line":30,"column":3}},"loc":{"start":{"line":30,"column":24},"end":{"line":45,"column":3}},"line":30},"1":{"name":"(anonymous_1)","decl":{"start":{"line":53,"column":2},"end":{"line":53,"column":3}},"loc":{"start":{"line":53,"column":15},"end":{"line":53,"column":83}},"line":53},"2":{"name":"(anonymous_2)","decl":{"start":{"line":66,"column":33},"end":{"line":66,"column":34}},"loc":{"start":{"line":66,"column":44},"end":{"line":70,"column":1}},"line":66}},"branchMap":{"0":{"loc":{"start":{"line":32,"column":4},"end":{"line":34,"column":5}},"type":"if","locations":[{"start":{"line":32,"column":4},"end":{"line":34,"column":5}},{"start":{},"end":{}}],"line":32},"1":{"loc":{"start":{"line":36,"column":4},"end":{"line":38,"column":5}},"type":"if","locations":[{"start":{"line":36,"column":4},"end":{"line":38,"column":5}},{"start":{},"end":{}}],"line":36},"2":{"loc":{"start":{"line":40,"column":4},"end":{"line":42,"column":5}},"type":"if","locations":[{"start":{"line":40,"column":4},"end":{"line":42,"column":5}},{"start":{},"end":{}}],"line":40},"3":{"loc":{"start":{"line":53,"column":15},"end":{"line":53,"column":83}},"type":"binary-expr","locations":[{"start":{"line":53,"column":15},"end":{"line":53,"column":50}},{"start":{"line":53,"column":54},"end":{"line":53,"column":83}}],"line":53},"4":{"loc":{"start":{"line":67,"column":2},"end":{"line":69,"column":3}},"type":"if","locations":[{"start":{"line":67,"column":2},"end":{"line":69,"column":3}},{"start":{},"end":{}}],"line":67},"5":{"loc":{"start":{"line":67,"column":6},"end":{"line":67,"column":54}},"type":"binary-expr","locations":[{"start":{"line":67,"column":6},"end":{"line":67,"column":16}},{"start":{"line":67,"column":20},"end":{"line":67,"column":54}}],"line":67}},"s":{"0":0,"1":0,"2":0,"3":0,"4":0,"5":0,"6":0,"7":0,"8":0,"9":0,"10":0,"11":0,"12":0,"13":0,"14":0,"15":0},"f":{"0":0,"1":0,"2":0},"b":{"0":[0,0],"1":[0,0],"2":[0,0],"3":[0,0],"4":[0,0],"5":[0,0]}}
,"C:\\Users\\Alison\\Documents\\CareerFoundry\\Immersion\\Achievement4\\meet\\meet\\src\\serviceWorkerRegistration.js": {"path":"C:\\Users\\Alison\\Documents\\CareerFoundry\\Immersion\\Achievement4\\meet\\meet\\src\\serviceWorkerRegistration.js","statementMap":{"0":{"start":{"line":13,"column":20},"end":{"line":19,"column":1}},"1":{"start":{"line":22,"column":2},"end":{"line":52,"column":3}},"2":{"start":{"line":24,"column":22},"end":{"line":24,"column":75}},"3":{"start":{"line":25,"column":4},"end":{"line":30,"column":5}},"4":{"start":{"line":29,"column":6},"end":{"line":29,"column":13}},"5":{"start":{"line":32,"column":4},"end":{"line":51,"column":7}},"6":{"start":{"line":33,"column":20},"end":{"line":33,"column":65}},"7":{"start":{"line":35,"column":6},"end":{"line":50,"column":7}},"8":{"start":{"line":37,"column":8},"end":{"line":37,"column":47}},"9":{"start":{"line":41,"column":8},"end":{"line":46,"column":11}},"10":{"start":{"line":42,"column":10},"end":{"line":45,"column":12}},"11":{"start":{"line":49,"column":8},"end":{"line":49,"column":39}},"12":{"start":{"line":56,"column":2},"end":{"line":96,"column":7}},"13":{"start":{"line":59,"column":6},"end":{"line":92,"column":8}},"14":{"start":{"line":60,"column":33},"end":{"line":60,"column":56}},"15":{"start":{"line":61,"column":8},"end":{"line":63,"column":9}},"16":{"start":{"line":62,"column":10},"end":{"line":62,"column":17}},"17":{"start":{"line":64,"column":8},"end":{"line":91,"column":10}},"18":{"start":{"line":65,"column":10},"end":{"line":90,"column":11}},"19":{"start":{"line":66,"column":12},"end":{"line":89,"column":13}},"20":{"start":{"line":70,"column":14},"end":{"line":73,"column":16}},"21":{"start":{"line":76,"column":14},"end":{"line":78,"column":15}},"22":{"start":{"line":77,"column":16},"end":{"line":77,"column":46}},"23":{"start":{"line":83,"column":14},"end":{"line":83,"column":64}},"24":{"start":{"line":86,"column":14},"end":{"line":88,"column":15}},"25":{"start":{"line":87,"column":16},"end":{"line":87,"column":47}},"26":{"start":{"line":95,"column":6},"end":{"line":95,"column":72}},"27":{"start":{"line":101,"column":2},"end":{"line":124,"column":7}},"28":{"start":{"line":106,"column":26},"end":{"line":106,"column":62}},"29":{"start":{"line":107,"column":6},"end":{"line":120,"column":7}},"30":{"start":{"line":112,"column":8},"end":{"line":116,"column":11}},"31":{"start":{"line":113,"column":10},"end":{"line":115,"column":13}},"32":{"start":{"line":114,"column":12},"end":{"line":114,"column":37}},"33":{"start":{"line":119,"column":8},"end":{"line":119,"column":39}},"34":{"start":{"line":123,"column":6},"end":{"line":123,"column":83}},"35":{"start":{"line":128,"column":2},"end":{"line":136,"column":3}},"36":{"start":{"line":129,"column":4},"end":{"line":135,"column":9}},"37":{"start":{"line":131,"column":8},"end":{"line":131,"column":34}},"38":{"start":{"line":134,"column":8},"end":{"line":134,"column":37}}},"fnMap":{"0":{"name":"register","decl":{"start":{"line":21,"column":16},"end":{"line":21,"column":24}},"loc":{"start":{"line":21,"column":33},"end":{"line":53,"column":1}},"line":21},"1":{"name":"(anonymous_1)","decl":{"start":{"line":32,"column":36},"end":{"line":32,"column":37}},"loc":{"start":{"line":32,"column":42},"end":{"line":51,"column":5}},"line":32},"2":{"name":"(anonymous_2)","decl":{"start":{"line":41,"column":43},"end":{"line":41,"column":44}},"loc":{"start":{"line":41,"column":49},"end":{"line":46,"column":9}},"line":41},"3":{"name":"registerValidSW","decl":{"start":{"line":55,"column":9},"end":{"line":55,"column":24}},"loc":{"start":{"line":55,"column":40},"end":{"line":97,"column":1}},"line":55},"4":{"name":"(anonymous_4)","decl":{"start":{"line":58,"column":10},"end":{"line":58,"column":11}},"loc":{"start":{"line":58,"column":28},"end":{"line":93,"column":5}},"line":58},"5":{"name":"(anonymous_5)","decl":{"start":{"line":59,"column":35},"end":{"line":59,"column":36}},"loc":{"start":{"line":59,"column":41},"end":{"line":92,"column":7}},"line":59},"6":{"name":"(anonymous_6)","decl":{"start":{"line":64,"column":41},"end":{"line":64,"column":42}},"loc":{"start":{"line":64,"column":47},"end":{"line":91,"column":9}},"line":64},"7":{"name":"(anonymous_7)","decl":{"start":{"line":94,"column":11},"end":{"line":94,"column":12}},"loc":{"start":{"line":94,"column":22},"end":{"line":96,"column":5}},"line":94},"8":{"name":"checkValidServiceWorker","decl":{"start":{"line":99,"column":9},"end":{"line":99,"column":32}},"loc":{"start":{"line":99,"column":48},"end":{"line":125,"column":1}},"line":99},"9":{"name":"(anonymous_9)","decl":{"start":{"line":104,"column":10},"end":{"line":104,"column":11}},"loc":{"start":{"line":104,"column":24},"end":{"line":121,"column":5}},"line":104},"10":{"name":"(anonymous_10)","decl":{"start":{"line":112,"column":43},"end":{"line":112,"column":44}},"loc":{"start":{"line":112,"column":61},"end":{"line":116,"column":9}},"line":112},"11":{"name":"(anonymous_11)","decl":{"start":{"line":113,"column":41},"end":{"line":113,"column":42}},"loc":{"start":{"line":113,"column":47},"end":{"line":115,"column":11}},"line":113},"12":{"name":"(anonymous_12)","decl":{"start":{"line":122,"column":11},"end":{"line":122,"column":12}},"loc":{"start":{"line":122,"column":17},"end":{"line":124,"column":5}},"line":122},"13":{"name":"unregister","decl":{"start":{"line":127,"column":16},"end":{"line":127,"column":26}},"loc":{"start":{"line":127,"column":29},"end":{"line":137,"column":1}},"line":127},"14":{"name":"(anonymous_14)","decl":{"start":{"line":130,"column":12},"end":{"line":130,"column":13}},"loc":{"start":{"line":130,"column":30},"end":{"line":132,"column":7}},"line":130},"15":{"name":"(anonymous_15)","decl":{"start":{"line":133,"column":13},"end":{"line":133,"column":14}},"loc":{"start":{"line":133,"column":24},"end":{"line":135,"column":7}},"line":133}},"branchMap":{"0":{"loc":{"start":{"line":14,"column":2},"end":{"line":18,"column":92}},"type":"binary-expr","locations":[{"start":{"line":14,"column":2},"end":{"line":14,"column":42}},{"start":{"line":16,"column":4},"end":{"line":16,"column":40}},{"start":{"line":18,"column":4},"end":{"line":18,"column":92}}],"line":14},"1":{"loc":{"start":{"line":22,"column":2},"end":{"line":52,"column":3}},"type":"if","locations":[{"start":{"line":22,"column":2},"end":{"line":52,"column":3}},{"start":{},"end":{}}],"line":22},"2":{"loc":{"start":{"line":22,"column":6},"end":{"line":22,"column":75}},"type":"binary-expr","locations":[{"start":{"line":22,"column":6},"end":{"line":22,"column":43}},{"start":{"line":22,"column":47},"end":{"line":22,"column":75}}],"line":22},"3":{"loc":{"start":{"line":25,"column":4},"end":{"line":30,"column":5}},"type":"if","locations":[{"start":{"line":25,"column":4},"end":{"line":30,"column":5}},{"start":{},"end":{}}],"line":25},"4":{"loc":{"start":{"line":35,"column":6},"end":{"line":50,"column":7}},"type":"if","locations":[{"start":{"line":35,"column":6},"end":{"line":50,"column":7}},{"start":{"line":47,"column":13},"end":{"line":50,"column":7}}],"line":35},"5":{"loc":{"start":{"line":61,"column":8},"end":{"line":63,"column":9}},"type":"if","locations":[{"start":{"line":61,"column":8},"end":{"line":63,"column":9}},{"start":{},"end":{}}],"line":61},"6":{"loc":{"start":{"line":65,"column":10},"end":{"line":90,"column":11}},"type":"if","locations":[{"start":{"line":65,"column":10},"end":{"line":90,"column":11}},{"start":{},"end":{}}],"line":65},"7":{"loc":{"start":{"line":66,"column":12},"end":{"line":89,"column":13}},"type":"if","locations":[{"start":{"line":66,"column":12},"end":{"line":89,"column":13}},{"start":{"line":79,"column":19},"end":{"line":89,"column":13}}],"line":66},"8":{"loc":{"start":{"line":76,"column":14},"end":{"line":78,"column":15}},"type":"if","locations":[{"start":{"line":76,"column":14},"end":{"line":78,"column":15}},{"start":{},"end":{}}],"line":76},"9":{"loc":{"start":{"line":76,"column":18},"end":{"line":76,"column":43}},"type":"binary-expr","locations":[{"start":{"line":76,"column":18},"end":{"line":76,"column":24}},{"start":{"line":76,"column":28},"end":{"line":76,"column":43}}],"line":76},"10":{"loc":{"start":{"line":86,"column":14},"end":{"line":88,"column":15}},"type":"if","locations":[{"start":{"line":86,"column":14},"end":{"line":88,"column":15}},{"start":{},"end":{}}],"line":86},"11":{"loc":{"start":{"line":86,"column":18},"end":{"line":86,"column":44}},"type":"binary-expr","locations":[{"start":{"line":86,"column":18},"end":{"line":86,"column":24}},{"start":{"line":86,"column":28},"end":{"line":86,"column":44}}],"line":86},"12":{"loc":{"start":{"line":107,"column":6},"end":{"line":120,"column":7}},"type":"if","locations":[{"start":{"line":107,"column":6},"end":{"line":120,"column":7}},{"start":{"line":117,"column":13},"end":{"line":120,"column":7}}],"line":107},"13":{"loc":{"start":{"line":108,"column":8},"end":{"line":109,"column":73}},"type":"binary-expr","locations":[{"start":{"line":108,"column":8},"end":{"line":108,"column":31}},{"start":{"line":109,"column":9},"end":{"line":109,"column":28}},{"start":{"line":109,"column":32},"end":{"line":109,"column":72}}],"line":108},"14":{"loc":{"start":{"line":128,"column":2},"end":{"line":136,"column":3}},"type":"if","locations":[{"start":{"line":128,"column":2},"end":{"line":136,"column":3}},{"start":{},"end":{}}],"line":128}},"s":{"0":0,"1":0,"2":0,"3":0,"4":0,"5":0,"6":0,"7":0,"8":0,"9":0,"10":0,"11":0,"12":0,"13":0,"14":0,"15":0,"16":0,"17":0,"18":0,"19":0,"20":0,"21":0,"22":0,"23":0,"24":0,"25":0,"26":0,"27":0,"28":0,"29":0,"30":0,"31":0,"32":0,"33":0,"34":0,"35":0,"36":0,"37":0,"38":0},"f":{"0":0,"1":0,"2":0,"3":0,"4":0,"5":0,"6":0,"7":0,"8":0,"9":0,"10":0,"11":0,"12":0,"13":0,"14":0,"15":0},"b":{"0":[0,0,0],"1":[0,0],"2":[0,0],"3":[0,0],"4":[0,0],"5":[0,0],"6":[0,0],"7":[0,0],"8":[0,0],"9":[0,0],"10":[0,0],"11":[0,0],"12":[0,0],"13":[0,0,0],"14":[0,0]}}
}
